<?xml version="1.0" encoding="UTF-8"?>
<!-- Generated by org.testng.reporters.JUnitReportReporter -->
<testsuite hostname="Veerendra" failures="0" tests="1" name="com.qa.google.test.GoogleImageTest" time="3.705" errors="0" timestamp="2021-11-16T16:13:27 IST" skipped="0">
  <testcase classname="com.qa.google.test.GoogleImageTest" name="OpenImagePage" time="3.705"/>
  <system-out/>
</testsuite> <!-- com.qa.google.test.GoogleImageTest -->
