<?xml version="1.0" encoding="UTF-8"?>
<!-- Generated by org.testng.reporters.JUnitReportReporter -->
<testsuite hostname="Veerendra" failures="0" tests="2" name="com.qa.google.pages.Login" time="18.879" errors="0" timestamp="2021-11-30T16:30:21 IST" skipped="0">
  <testcase classname="com.qa.google.pages.Login" name="loginTest" time="10.682"/>
  <system-out>
    <![CDATA[Email id entered is : srajan.falke@gmail.com
Email id entered is : srajan@1991
login results are displayed.]]>
  </system-out>
  <testcase classname="com.qa.google.pages.Login" name="loginTest" time="8.197"/>
  <system-out>
    <![CDATA[Email id entered is : srajan.falke@gmail.com
Email id entered is : srajan@1992
login results are displayed.]]>
  </system-out>
</testsuite> <!-- com.qa.google.pages.Login -->
