<?xml version="1.0" encoding="UTF-8"?>
<!-- Generated by org.testng.reporters.JUnitReportReporter -->
<testsuite hostname="Veerendra" failures="0" tests="2" name="com.qa.google.utility.JsonReader" time="0.033" errors="0" timestamp="2021-11-17T16:45:53 IST" skipped="0">
  <testcase classname="com.qa.google.utility.JsonReader" name="getadminJsondata" time="0.003"/>
  <system-out/>
  <testcase classname="com.qa.google.utility.JsonReader" name="getNonadminJsondata" time="0.030"/>
  <system-out/>
</testsuite> <!-- com.qa.google.utility.JsonReader -->
